C:\Program Files\Microsoft Visual Studio\2022\Community\MSBuild\Current\Bin\amd64\Microsoft.Common.CurrentVersion.targets(2116,5): warning : The referenced project '..\PHYSICS-BULLET\BulletBin\src\BulletCollision\BulletCollision.vcxproj' does not exist.
C:\Program Files\Microsoft Visual Studio\2022\Community\MSBuild\Current\Bin\amd64\Microsoft.Common.CurrentVersion.targets(2116,5): warning : The referenced project '..\PHYSICS-BULLET\BulletBin\src\BulletDynamics\BulletDynamics.vcxproj' does not exist.
C:\Program Files\Microsoft Visual Studio\2022\Community\MSBuild\Current\Bin\amd64\Microsoft.Common.CurrentVersion.targets(2116,5): warning : The referenced project '..\PHYSICS-BULLET\BulletBin\src\LinearMath\LinearMath.vcxproj' does not exist.
cl : command line  warning D9002: ignoring unknown option '/QIfist'
  render.cpp
C:\Dev\64kb\64kb\main.h(39,40): warning C4305: 'initializing': truncation from 'double' to 'float'
C:\Dev\64kb\64kb\main.h(40,35): warning C4305: 'initializing': truncation from 'double' to 'float'
C:\Dev\64kb\64kb\main.h(194,47): warning C4305: 'initializing': truncation from 'double' to 'const float'
C:\Dev\64kb\64kb\terrain.h(5,18): warning C4099: 'BotManager': type name first seen using 'class' now seen using 'struct'
C:\Dev\64kb\64kb\render.h(12,7): message : see declaration of 'BotManager'
C:\Dev\64kb\64kb\terrain.h(6,12): warning C4099: 'Game': type name first seen using 'class' now seen using 'struct'
C:\Dev\64kb\64kb\render.h(8,7): message : see declaration of 'Game'
C:\Dev\64kb\64kb\terrain.h(7,14): warning C4099: 'Player': type name first seen using 'class' now seen using 'struct'
C:\Dev\64kb\64kb\render.h(6,7): message : see declaration of 'Player'
C:\Dev\64kb\64kb\player.h(4,15): warning C4099: 'Terrain': type name first seen using 'class' now seen using 'struct'
C:\Dev\64kb\64kb\terrain.h(17,7): message : see declaration of 'Terrain'
C:\Dev\64kb\64kb\bots.h(3,15): warning C4099: 'Terrain': type name first seen using 'class' now seen using 'struct'
C:\Dev\64kb\64kb\hud.h(7,7): message : see declaration of 'Terrain'
C:\Dev\64kb\64kb\bots.h(4,14): warning C4099: 'Player': type name first seen using 'class' now seen using 'struct'
C:\Dev\64kb\64kb\hud.h(6,7): message : see declaration of 'Player'
C:\Dev\64kb\64kb\bots.h(5,12): warning C4099: 'Game': type name first seen using 'class' now seen using 'struct'
C:\Dev\64kb\64kb\hud.h(8,7): message : see declaration of 'Game'
C:\Dev\64kb\64kb\bots.h(6,13): warning C4099: 'Sound': type name first seen using 'class' now seen using 'struct'
C:\Dev\64kb\64kb\sound.h(8,7): message : see declaration of 'Sound'
C:\Dev\64kb\64kb\render.cpp(32,8): warning C4101: 'a': unreferenced local variable
C:\Dev\64kb\64kb\render.cpp(77,15): warning C4244: 'initializing': conversion from 'double' to 'float', possible loss of data
C:\Dev\64kb\64kb\render.cpp(94,40): warning C4018: '<': signed/unsigned mismatch
C:\Dev\64kb\64kb\render.cpp(96,37): warning C4018: '<': signed/unsigned mismatch
C:\Dev\64kb\64kb\render.cpp(98,23): warning C4838: conversion from 'int' to 'float' requires a narrowing conversion
C:\Dev\64kb\64kb\render.cpp(98,23): warning C4244: 'initializing': conversion from 'int' to 'float', possible loss of data
C:\Dev\64kb\64kb\render.cpp(98,51): warning C4838: conversion from 'int' to 'float' requires a narrowing conversion
C:\Dev\64kb\64kb\render.cpp(98,51): warning C4244: 'initializing': conversion from 'int' to 'float', possible loss of data
C:\Dev\64kb\64kb\render.cpp(99,23): warning C4838: conversion from 'coord' to 'float' requires a narrowing conversion
C:\Dev\64kb\64kb\render.cpp(99,23): warning C4244: 'initializing': conversion from 'coord' to 'float', possible loss of data
C:\Dev\64kb\64kb\render.cpp(99,59): warning C4838: conversion from 'int' to 'float' requires a narrowing conversion
C:\Dev\64kb\64kb\render.cpp(99,59): warning C4244: 'initializing': conversion from 'int' to 'float', possible loss of data
C:\Dev\64kb\64kb\render.cpp(116,47): warning C4018: '<': signed/unsigned mismatch
C:\Dev\64kb\64kb\render.cpp(118,44): warning C4018: '<': signed/unsigned mismatch
C:\Dev\64kb\64kb\render.cpp(124,18): warning C4244: 'initializing': conversion from 'int' to 'float', possible loss of data
C:\Dev\64kb\64kb\render.cpp(130,23): warning C4838: conversion from 'coord' to 'float' requires a narrowing conversion
C:\Dev\64kb\64kb\render.cpp(130,23): warning C4244: 'initializing': conversion from 'coord' to 'float', possible loss of data
C:\Dev\64kb\64kb\render.cpp(130,74): warning C4838: conversion from 'coord' to 'float' requires a narrowing conversion
C:\Dev\64kb\64kb\render.cpp(130,74): warning C4244: 'initializing': conversion from 'coord' to 'float', possible loss of data
C:\Dev\64kb\64kb\render.cpp(131,23): warning C4838: conversion from 'coord' to 'float' requires a narrowing conversion
C:\Dev\64kb\64kb\render.cpp(131,23): warning C4244: 'initializing': conversion from 'coord' to 'float', possible loss of data
C:\Dev\64kb\64kb\render.cpp(131,77): warning C4838: conversion from 'coord' to 'float' requires a narrowing conversion
C:\Dev\64kb\64kb\render.cpp(131,77): warning C4244: 'initializing': conversion from 'coord' to 'float', possible loss of data
C:\Dev\64kb\64kb\render.cpp(121,13): warning C4101: 'megalod': unreferenced local variable
C:\Dev\64kb\64kb\render.cpp(164,36): warning C4018: '<': signed/unsigned mismatch
C:\Dev\64kb\64kb\render.cpp(165,37): warning C4018: '<': signed/unsigned mismatch
C:\Dev\64kb\64kb\render.cpp(173,51): warning C4838: conversion from 'int' to 'GLubyte' requires a narrowing conversion
C:\Dev\64kb\64kb\render.cpp(173,79): warning C4838: conversion from 'int' to 'GLubyte' requires a narrowing conversion
C:\Dev\64kb\64kb\render.cpp(173,107): warning C4838: conversion from 'int' to 'GLubyte' requires a narrowing conversion
C:\Dev\64kb\64kb\render.cpp(175,26): warning C4838: conversion from 'int' to 'float' requires a narrowing conversion
C:\Dev\64kb\64kb\render.cpp(175,26): warning C4244: 'initializing': conversion from 'int' to 'float', possible loss of data
C:\Dev\64kb\64kb\render.cpp(175,59): warning C4838: conversion from 'int' to 'float' requires a narrowing conversion
C:\Dev\64kb\64kb\render.cpp(175,59): warning C4244: 'initializing': conversion from 'int' to 'float', possible loss of data
C:\Dev\64kb\64kb\render.cpp(176,26): warning C4838: conversion from 'int' to 'float' requires a narrowing conversion
C:\Dev\64kb\64kb\render.cpp(176,26): warning C4244: 'initializing': conversion from 'int' to 'float', possible loss of data
C:\Dev\64kb\64kb\render.cpp(176,73): warning C4838: conversion from 'int' to 'float' requires a narrowing conversion
C:\Dev\64kb\64kb\render.cpp(176,73): warning C4244: 'initializing': conversion from 'int' to 'float', possible loss of data
C:\Dev\64kb\64kb\render.cpp(219,12): warning C4244: 'initializing': conversion from 'float' to 'int', possible loss of data
C:\Dev\64kb\64kb\render.cpp(220,12): warning C4244: 'initializing': conversion from 'float' to 'int', possible loss of data
C:\Dev\64kb\64kb\render.cpp(226,27): warning C4018: '<': signed/unsigned mismatch
C:\Dev\64kb\64kb\render.cpp(233,36): warning C4244: 'argument': conversion from 'coord' to 'GLfloat', possible loss of data
C:\Dev\64kb\64kb\render.cpp(233,27): warning C4244: 'argument': conversion from 'coord' to 'GLfloat', possible loss of data
C:\Dev\64kb\64kb\render.cpp(233,18): warning C4244: 'argument': conversion from 'coord' to 'GLfloat', possible loss of data
C:\Dev\64kb\64kb\render.cpp(243,202): warning C4244: 'argument': conversion from 'const coord' to 'GLfloat', possible loss of data
C:\Dev\64kb\64kb\render.cpp(243,124): warning C4244: 'argument': conversion from 'const coord' to 'GLfloat', possible loss of data
C:\Dev\64kb\64kb\render.cpp(243,101): warning C4244: 'argument': conversion from 'const coord' to 'GLfloat', possible loss of data
C:\Dev\64kb\64kb\render.cpp(243,27): warning C4244: 'argument': conversion from 'const coord' to 'GLfloat', possible loss of data
C:\Dev\64kb\64kb\render.cpp(263,51): warning C4244: 'argument': conversion from 'int' to 'GLfloat', possible loss of data
C:\Dev\64kb\64kb\render.cpp(263,35): warning C4244: 'argument': conversion from 'int' to 'GLfloat', possible loss of data
C:\Dev\64kb\64kb\render.cpp(263,19): warning C4244: 'argument': conversion from 'int' to 'GLfloat', possible loss of data
C:\Dev\64kb\64kb\render.cpp(266,103): warning C4305: 'argument': truncation from 'double' to 'GLfloat'
C:\Dev\64kb\64kb\render.cpp(266,55): warning C4244: 'argument': conversion from 'int' to 'GLfloat', possible loss of data
C:\Dev\64kb\64kb\render.cpp(266,39): warning C4244: 'argument': conversion from 'int' to 'GLfloat', possible loss of data
C:\Dev\64kb\64kb\render.cpp(266,19): warning C4244: 'argument': conversion from 'int' to 'GLfloat', possible loss of data
C:\Dev\64kb\64kb\render.cpp(303,29): warning C4838: conversion from 'int' to 'float' requires a narrowing conversion
C:\Dev\64kb\64kb\render.cpp(303,29): warning C4244: 'initializing': conversion from 'int' to 'float', possible loss of data
C:\Dev\64kb\64kb\render.cpp(303,55): warning C4838: conversion from 'int' to 'float' requires a narrowing conversion
C:\Dev\64kb\64kb\render.cpp(303,55): warning C4244: 'initializing': conversion from 'int' to 'float', possible loss of data
C:\Dev\64kb\64kb\render.cpp(304,21): warning C4838: conversion from 'int' to 'float' requires a narrowing conversion
C:\Dev\64kb\64kb\render.cpp(304,21): warning C4244: 'initializing': conversion from 'int' to 'float', possible loss of data
C:\Dev\64kb\64kb\render.cpp(304,47): warning C4838: conversion from 'int' to 'float' requires a narrowing conversion
C:\Dev\64kb\64kb\render.cpp(304,47): warning C4244: 'initializing': conversion from 'int' to 'float', possible loss of data
C:\Dev\64kb\64kb\render.cpp(305,21): warning C4838: conversion from 'int' to 'float' requires a narrowing conversion
C:\Dev\64kb\64kb\render.cpp(305,21): warning C4244: 'initializing': conversion from 'int' to 'float', possible loss of data
C:\Dev\64kb\64kb\render.cpp(305,39): warning C4838: conversion from 'int' to 'float' requires a narrowing conversion
C:\Dev\64kb\64kb\render.cpp(305,39): warning C4244: 'initializing': conversion from 'int' to 'float', possible loss of data
C:\Dev\64kb\64kb\render.cpp(306,29): warning C4838: conversion from 'int' to 'float' requires a narrowing conversion
C:\Dev\64kb\64kb\render.cpp(306,29): warning C4244: 'initializing': conversion from 'int' to 'float', possible loss of data
C:\Dev\64kb\64kb\render.cpp(306,47): warning C4838: conversion from 'int' to 'float' requires a narrowing conversion
C:\Dev\64kb\64kb\render.cpp(306,47): warning C4244: 'initializing': conversion from 'int' to 'float', possible loss of data
C:\Dev\64kb\64kb\render.cpp(382,14): warning C4244: 'initializing': conversion from 'double' to 'float', possible loss of data
C:\Dev\64kb\64kb\render.cpp(390,27): warning C4305: 'argument': truncation from 'double' to 'float'
C:\Dev\64kb\64kb\render.cpp(394,27): warning C4305: 'argument': truncation from 'double' to 'float'
C:\Dev\64kb\64kb\render.cpp(398,28): warning C4305: 'argument': truncation from 'double' to 'float'
C:\Dev\64kb\64kb\render.cpp(541,12): warning C4244: 'initializing': conversion from 'double' to 'float', possible loss of data
C:\Dev\64kb\64kb\render.cpp(685,22): warning C4018: '<': signed/unsigned mismatch
C:\Dev\64kb\64kb\render.cpp(686,67): warning C4244: 'argument': conversion from 'double' to 'GLfloat', possible loss of data
C:\Dev\64kb\64kb\render.cpp(734,30): warning C4305: 'argument': truncation from 'double' to 'GLfloat'
C:\Dev\64kb\64kb\render.cpp(749,29): warning C4838: conversion from 'int' to 'float' requires a narrowing conversion
C:\Dev\64kb\64kb\render.cpp(749,29): warning C4244: 'initializing': conversion from 'int' to 'float', possible loss of data
C:\Dev\64kb\64kb\render.cpp(749,55): warning C4838: conversion from 'int' to 'float' requires a narrowing conversion
C:\Dev\64kb\64kb\render.cpp(749,55): warning C4244: 'initializing': conversion from 'int' to 'float', possible loss of data
C:\Dev\64kb\64kb\render.cpp(750,25): warning C4838: conversion from 'int' to 'float' requires a narrowing conversion
C:\Dev\64kb\64kb\render.cpp(750,25): warning C4244: 'initializing': conversion from 'int' to 'float', possible loss of data
C:\Dev\64kb\64kb\render.cpp(750,51): warning C4838: conversion from 'int' to 'float' requires a narrowing conversion
C:\Dev\64kb\64kb\render.cpp(750,51): warning C4244: 'initializing': conversion from 'int' to 'float', possible loss of data
C:\Dev\64kb\64kb\render.cpp(751,25): warning C4838: conversion from 'int' to 'float' requires a narrowing conversion
C:\Dev\64kb\64kb\render.cpp(751,25): warning C4244: 'initializing': conversion from 'int' to 'float', possible loss of data
C:\Dev\64kb\64kb\render.cpp(751,43): warning C4838: conversion from 'int' to 'float' requires a narrowing conversion
C:\Dev\64kb\64kb\render.cpp(751,43): warning C4244: 'initializing': conversion from 'int' to 'float', possible loss of data
C:\Dev\64kb\64kb\render.cpp(752,29): warning C4838: conversion from 'int' to 'float' requires a narrowing conversion
C:\Dev\64kb\64kb\render.cpp(752,29): warning C4244: 'initializing': conversion from 'int' to 'float', possible loss of data
C:\Dev\64kb\64kb\render.cpp(752,47): warning C4838: conversion from 'int' to 'float' requires a narrowing conversion
C:\Dev\64kb\64kb\render.cpp(752,47): warning C4244: 'initializing': conversion from 'int' to 'float', possible loss of data
C:\Dev\64kb\64kb\render.cpp(822,30): warning C4305: 'argument': truncation from 'double' to 'GLfloat'
C:\Dev\64kb\64kb\render.cpp(853,30): warning C4305: 'argument': truncation from 'double' to 'GLfloat'
  Generating code
  1 of 213 functions ( 0.5%) were compiled, the rest were copied from previous compilation.
    0 functions were new in current compilation
    2 functions had inline decision re-evaluated but remain unchanged
  Finished generating code
  64kb.vcxproj -> C:\Dev\64kb\64kb\x64\Release\64kb.exe
